finish!
acc: 0.9634
219.37978744506836
acc: 0.979
307.68462324142456
--
finish!
acc: 0.9656
218.34136271476746
acc: 0.9777
306.86376547813416
--
finish!
acc: 0.9626
218.4094042778015
acc: 0.9782
307.77279782295227
--
finish!
acc: 0.9694
219.26360845565796
acc: 0.98
307.4830460548401
--
finish!
acc: 0.9719
219.7261781692505
acc: 0.982
309.1807677745819
--
finish!
acc: 0.9689
220.73918056488037
acc: 0.9817
308.0166130065918
--
finish!
acc: 0.9681
220.31447005271912
acc: 0.9809
310.6378788948059
--
finish!
acc: 0.9649
217.6553738117218
acc: 0.9802
306.8949384689331
--
finish!
acc: 0.9655
219.08710074424744
acc: 0.9748
307.2521870136261
--
finish!
acc: 0.9692
220.52002930641174
acc: 0.9796
307.65680050849915
--
finish!
acc: 0.9695
215.59954452514648
acc: 0.9789
309.34968972206116
