finish!
acc: 0.9525
183.43436694145203
acc: 0.9802
308.5395052433014
--
finish!
acc: 0.94
179.98130416870117
acc: 0.9763
310.22915482521057
--
finish!
acc: 0.9509
180.02347922325134
acc: 0.9811
307.5398416519165
--
finish!
acc: 0.946
177.63213920593262
acc: 0.9746
308.3453459739685
--
finish!
acc: 0.9459
180.33097124099731
acc: 0.9779
310.0879189968109
--
finish!
acc: 0.9494
184.60433053970337
acc: 0.9816
310.2085702419281
--
finish!
acc: 0.9489
181.51842665672302
acc: 0.9799
310.5080187320709
--
finish!
acc: 0.9532
182.0894422531128
acc: 0.9784
308.4150974750519
--
finish!
acc: 0.9622
178.72113943099976
acc: 0.9827
307.46303129196167
--
finish!
acc: 0.946
178.41171860694885
acc: 0.9775
310.0686275959015
--
finish!
acc: 0.9508
183.40475726127625
acc: 0.9801
308.4056990146637
