M K N: 10000,784, 256
matmul finished
M K N: 10000,256, 256
matmul finished
Extracting ./mnist/data/train-images-idx3-ubyte.gz
Extracting ./mnist/data/train-labels-idx1-ubyte.gz
Extracting ./mnist/data/t10k-images-idx3-ubyte.gz
Extracting ./mnist/data/t10k-labels-idx1-ubyte.gz
(?, 10)
learn start
finish!
acc: 0.9777
252.93090295791626
acc: 0.9778
317.1160056591034
M K N: 10000,784, 256
matmul finished
M K N: 10000,256, 256
matmul finished
Extracting ./mnist/data/train-images-idx3-ubyte.gz
Extracting ./mnist/data/train-labels-idx1-ubyte.gz
Extracting ./mnist/data/t10k-images-idx3-ubyte.gz
Extracting ./mnist/data/t10k-labels-idx1-ubyte.gz
(?, 10)
learn start
finish!
acc: 0.98
252.11667251586914
acc: 0.9803
317.8503541946411
M K N: 10000,784, 256
matmul finished
M K N: 10000,256, 256
matmul finished
Extracting ./mnist/data/train-images-idx3-ubyte.gz
Extracting ./mnist/data/train-labels-idx1-ubyte.gz
Extracting ./mnist/data/t10k-images-idx3-ubyte.gz
Extracting ./mnist/data/t10k-labels-idx1-ubyte.gz
(?, 10)
learn start
finish!
acc: 0.9801
242.72318410873413
acc: 0.9798
309.05110692977905
M K N: 10000,784, 256
matmul finished
M K N: 10000,256, 256
matmul finished
Extracting ./mnist/data/train-images-idx3-ubyte.gz
Extracting ./mnist/data/train-labels-idx1-ubyte.gz
Extracting ./mnist/data/t10k-images-idx3-ubyte.gz
Extracting ./mnist/data/t10k-labels-idx1-ubyte.gz
(?, 10)
learn start
finish!
acc: 0.9765
243.48310327529907
acc: 0.9773
308.606085062027
M K N: 10000,784, 256
matmul finished
M K N: 10000,256, 256
matmul finished
Extracting ./mnist/data/train-images-idx3-ubyte.gz
Extracting ./mnist/data/train-labels-idx1-ubyte.gz
Extracting ./mnist/data/t10k-images-idx3-ubyte.gz
Extracting ./mnist/data/t10k-labels-idx1-ubyte.gz
(?, 10)
learn start
finish!
acc: 0.9801
245.9704258441925
acc: 0.9801
310.79173517227173
###################
