M K N: 10000,784, 256
matmul finished
M K N: 10000,256, 256
matmul finished
Extracting ./mnist/data/train-images-idx3-ubyte.gz
Extracting ./mnist/data/train-labels-idx1-ubyte.gz
Extracting ./mnist/data/t10k-images-idx3-ubyte.gz
Extracting ./mnist/data/t10k-labels-idx1-ubyte.gz
(?, 10)
learn start
finish!
acc: 0.9642
199.3201253414154
acc: 0.978
308.5622510910034
M K N: 10000,784, 256
matmul finished
M K N: 10000,256, 256
matmul finished
Extracting ./mnist/data/train-images-idx3-ubyte.gz
Extracting ./mnist/data/train-labels-idx1-ubyte.gz
Extracting ./mnist/data/t10k-images-idx3-ubyte.gz
Extracting ./mnist/data/t10k-labels-idx1-ubyte.gz
(?, 10)
learn start
finish!
acc: 0.951
197.99990940093994
acc: 0.9801
308.06991839408875
M K N: 10000,784, 256
matmul finished
M K N: 10000,256, 256
matmul finished
Extracting ./mnist/data/train-images-idx3-ubyte.gz
Extracting ./mnist/data/train-labels-idx1-ubyte.gz
Extracting ./mnist/data/t10k-images-idx3-ubyte.gz
Extracting ./mnist/data/t10k-labels-idx1-ubyte.gz
(?, 10)
learn start
finish!
acc: 0.9629
196.82806730270386
acc: 0.9797
307.8995842933655
M K N: 10000,784, 256
matmul finished
M K N: 10000,256, 256
matmul finished
Extracting ./mnist/data/train-images-idx3-ubyte.gz
Extracting ./mnist/data/train-labels-idx1-ubyte.gz
Extracting ./mnist/data/t10k-images-idx3-ubyte.gz
Extracting ./mnist/data/t10k-labels-idx1-ubyte.gz
(?, 10)
learn start
finish!
acc: 0.9545
196.08062481880188
acc: 0.9775
308.97133588790894
M K N: 10000,784, 256
matmul finished
M K N: 10000,256, 256
matmul finished
Extracting ./mnist/data/train-images-idx3-ubyte.gz
Extracting ./mnist/data/train-labels-idx1-ubyte.gz
Extracting ./mnist/data/t10k-images-idx3-ubyte.gz
Extracting ./mnist/data/t10k-labels-idx1-ubyte.gz
(?, 10)
learn start
finish!
acc: 0.9621
197.50961256027222
acc: 0.9784
310.8141887187958
###################
