M K N: 10000,784, 256
matmul finished
M K N: 10000,256, 256
matmul finished
Extracting ./mnist/data/train-images-idx3-ubyte.gz
Extracting ./mnist/data/train-labels-idx1-ubyte.gz
Extracting ./mnist/data/t10k-images-idx3-ubyte.gz
Extracting ./mnist/data/t10k-labels-idx1-ubyte.gz
(?, 10)
learn start
finish!
acc: 0.9794
281.4654326438904
acc: 0.9785
309.1327176094055
M K N: 10000,784, 256
matmul finished
M K N: 10000,256, 256
matmul finished
Extracting ./mnist/data/train-images-idx3-ubyte.gz
Extracting ./mnist/data/train-labels-idx1-ubyte.gz
Extracting ./mnist/data/t10k-images-idx3-ubyte.gz
Extracting ./mnist/data/t10k-labels-idx1-ubyte.gz
(?, 10)
learn start
finish!
acc: 0.9734
282.12096071243286
acc: 0.9749
311.0100209712982
M K N: 10000,784, 256
matmul finished
M K N: 10000,256, 256
matmul finished
Extracting ./mnist/data/train-images-idx3-ubyte.gz
Extracting ./mnist/data/train-labels-idx1-ubyte.gz
Extracting ./mnist/data/t10k-images-idx3-ubyte.gz
Extracting ./mnist/data/t10k-labels-idx1-ubyte.gz
(?, 10)
learn start
finish!
acc: 0.9802
284.0863766670227
acc: 0.9806
308.2892520427704
M K N: 10000,784, 256
matmul finished
M K N: 10000,256, 256
matmul finished
Extracting ./mnist/data/train-images-idx3-ubyte.gz
Extracting ./mnist/data/train-labels-idx1-ubyte.gz
Extracting ./mnist/data/t10k-images-idx3-ubyte.gz
Extracting ./mnist/data/t10k-labels-idx1-ubyte.gz
(?, 10)
learn start
finish!
acc: 0.976
280.82286310195923
acc: 0.9769
308.9809613227844
M K N: 10000,784, 256
matmul finished
M K N: 10000,256, 256
matmul finished
Extracting ./mnist/data/train-images-idx3-ubyte.gz
Extracting ./mnist/data/train-labels-idx1-ubyte.gz
Extracting ./mnist/data/t10k-images-idx3-ubyte.gz
Extracting ./mnist/data/t10k-labels-idx1-ubyte.gz
(?, 10)
learn start
finish!
acc: 0.9786
283.15921902656555
acc: 0.9792
309.2685627937317
###################
